📁 Run directory: /home/dario/Scrivania/DEPLOY INFRASTRUCTURE/TESI/runtime_results/runs/run_20260128_164004
🌐 Creating initial graph...

ℹ️  Matplotlib backend 'agg' is non-interactive.
   Graph saved to "/home/dario/Scrivania/DEPLOY INFRASTRUCTURE/TESI/runtime_results/runs/run_20260128_164004/plots/graph_initial.png".

🔄 Updating network conditions...

🔗 Actually latency:
CC – N8: 5.89 ms
CC – N2: 2.72 ms
CC – N4: 6.02 ms
CC – N1: 6.46 ms
N1 – N8: 8.92 ms
N1 – N5: 5.12 ms
N1 – N2: 2.15 ms
N1 – N6: 3.86 ms
N1 – N7: 2.56 ms
N2 – N3: 3.56 ms
N2 – N4: 4.09 ms
N2 – N6: 6.86 ms
N2 – N7: 5.34 ms
N2 – PMU8: 8.13 ms
N3 – N7: 3.63 ms
N3 – PMU1: 7.32 ms
N4 – N5: 8.4 ms
N6 – N7: 4.52 ms
N6 – PMU3: 5.36 ms
N7 – N8: 8.47 ms
N8 – PMU2: 4.87 ms

Do you want to modify a latency? (y/n): n

🔗 Current edge statuses:
CC – N8: up
CC – N2: up
CC – N4: up
CC – N1: up
N1 – N8: up
N1 – N5: up
N1 – N2: up
N1 – N6: up
N1 – N7: up
N2 – N3: up
N2 – N4: up
N2 – N6: up
N2 – N7: up
N2 – PMU8: up
N3 – N7: up
N3 – PMU1: up
N4 – N5: up
N6 – N7: up
N6 – PMU3: up
N7 – N8: up
N8 – PMU2: up

Do you want to modify the status of an edge? (y/n): n

🔗 Current bandwidths:
CC – N8: 400 kbps
CC – N2: 400 kbps
CC – N4: 400 kbps
CC – N1: 400 kbps
N1 – N8: 400 kbps
N1 – N5: 400 kbps
N1 – N2: 400 kbps
N1 – N6: 400 kbps
N1 – N7: 400 kbps
N2 – N3: 400 kbps
N2 – N4: 400 kbps
N2 – N6: 400 kbps
N2 – N7: 400 kbps
N2 – PMU8: 400 kbps
N3 – N7: 400 kbps
N3 – PMU1: 400 kbps
N4 – N5: 400 kbps
N6 – N7: 400 kbps
N6 – PMU3: 400 kbps
N7 – N8: 400 kbps
N8 – PMU2: 400 kbps

Do you want to modify a bandwidth? (y/n): n

⚙️ Running placement algorithm...

📘 Choose a placement algorithm:
1. Bruteforce
2. Greedy
3. Random
4. Q-Learning (not available yet)
5. GNN + Policy Gradient (not available yet)
6. Exit
Enter your choice (1-6): 1
Enable cluster splitting? (y/n): n
Enter maximum latency (ms): 80

📍 Best configuration covers 4/4 PMUs (max_latency=80).
PMU1 → CC: PMU1 → N3 → N2 → CC, Delay = 56.60 ms
PMU2 → CC: PMU2 → N8 → CC, Delay = 32.26 ms
PMU3 → CC: PMU3 → N6 → N2 → CC, Delay = 57.94 ms
PMU8 → CC: PMU8 → N2 → CC, Delay = 32.35 ms
⏱️ Placement-Bruteforce time (algorithm only): 316.24 ms
✅ PDCs assigned in clusters: N6, N8, N2, N3, CC
ℹ️  Matplotlib backend 'agg' is non-interactive.
   Graph saved to "/home/dario/Scrivania/DEPLOY INFRASTRUCTURE/TESI/runtime_results/runs/run_20260128_164004/plots/graph_T000.png".
🖼️ Graph saved to /home/dario/Scrivania/DEPLOY INFRASTRUCTURE/TESI/runtime_results/runs/run_20260128_164004/plots/graph_T000.png
💾 Results saved to /home/dario/Scrivania/DEPLOY INFRASTRUCTURE/TESI/runtime_results/runs/run_20260128_164004/output.json
🧾 Snapshot saved to /home/dario/Scrivania/DEPLOY INFRASTRUCTURE/TESI/runtime_results/runs/run_20260128_164004/snapshots/snapshot_0000_20260128_164012.json

🚀 Executing Deployer: bash /home/dario/Scrivania/DEPLOY INFRASTRUCTURE/TESI/deploy_automation/deployer.sh /home/dario/Scrivania/DEPLOY INFRASTRUCTURE/TESI/runtime_results/runs/run_20260128_164004/output.json

📄 JSON file: /home/dario/Scrivania/DEPLOY INFRASTRUCTURE/TESI/runtime_results/runs/run_20260128_164004/output.json
📂 Output directory: /home/dario/Scrivania/DEPLOY INFRASTRUCTURE/TESI/deploy_automation/kubeconfigs

ℹ️  'yq' not found: skipping 0.0.0.0 → 127.0.0.1 fix
🔎 Extracting PDC (clusters) from JSON (from .path, N* → cluster*)...
🗺️  Computed PDC/cluster list (from JSON, no duplicates): cluster3 cluster2 cluster8 cluster6 cluster27

🏗️  Ensuring k3d clusters exist for each PDC...
   ➕ Creating k3d cluster 'cluster-3' (ports: -p 30285:30285@server:0 -p 30265:30265@server:0 -p 30299:30299@server:0)...
[36mINFO[0m[0000] Prep: Network                                
[36mINFO[0m[0000] Re-using existing network 'mc-net' (693e9a2b82aa3de06b7a01c02590736ec44127e4cb59a30f4bb24fa9215dd66d) 
[36mINFO[0m[0000] Created image volume k3d-cluster-3-images    
[36mINFO[0m[0000] Starting new tools node...                   
[36mINFO[0m[0000] Starting node 'k3d-cluster-3-tools'          
[36mINFO[0m[0001] Creating node 'k3d-cluster-3-server-0'       
[36mINFO[0m[0001] Creating node 'k3d-cluster-3-agent-0'        
[36mINFO[0m[0001] Creating LoadBalancer 'k3d-cluster-3-serverlb' 
[36mINFO[0m[0001] Using the k3d-tools node to gather environment information 
[36mINFO[0m[0001] HostIP: using network gateway 172.18.0.1 address 
[36mINFO[0m[0001] Starting cluster 'cluster-3'                 
[36mINFO[0m[0001] Starting servers...                          
[36mINFO[0m[0001] Starting node 'k3d-cluster-3-server-0'       
[36mINFO[0m[0009] Starting agents...                           
[36mINFO[0m[0009] Starting node 'k3d-cluster-3-agent-0'        
[36mINFO[0m[0012] Starting helpers...                          
[36mINFO[0m[0012] Starting node 'k3d-cluster-3-serverlb'       
[36mINFO[0m[0019] Injecting records for hostAliases (incl. host.k3d.internal) and for 3 network members into CoreDNS configmap... 
[36mINFO[0m[0022] Cluster 'cluster-3' created successfully!    
[36mINFO[0m[0022] You can now use it like this:                
kubectl cluster-info
   ➕ Creating k3d cluster 'cluster-2' (ports: -p 30185:30185@server:0 -p 30165:30165@server:0 -p 30199:30199@server:0)...
[36mINFO[0m[0000] Prep: Network                                
[36mINFO[0m[0000] Re-using existing network 'mc-net' (693e9a2b82aa3de06b7a01c02590736ec44127e4cb59a30f4bb24fa9215dd66d) 
[36mINFO[0m[0000] Created image volume k3d-cluster-2-images    
[36mINFO[0m[0000] Starting new tools node...                   
[36mINFO[0m[0000] Starting node 'k3d-cluster-2-tools'          
[36mINFO[0m[0001] Creating node 'k3d-cluster-2-server-0'       
[36mINFO[0m[0001] Creating node 'k3d-cluster-2-agent-0'        
[36mINFO[0m[0001] Creating LoadBalancer 'k3d-cluster-2-serverlb' 
[36mINFO[0m[0001] Using the k3d-tools node to gather environment information 
[36mINFO[0m[0001] HostIP: using network gateway 172.18.0.1 address 
[36mINFO[0m[0001] Starting cluster 'cluster-2'                 
[36mINFO[0m[0001] Starting servers...                          
[36mINFO[0m[0001] Starting node 'k3d-cluster-2-server-0'       
[36mINFO[0m[0009] Starting agents...                           
[36mINFO[0m[0009] Starting node 'k3d-cluster-2-agent-0'        
[36mINFO[0m[0014] Starting helpers...                          
[36mINFO[0m[0015] Starting node 'k3d-cluster-2-serverlb'       
